<?xml version="1.0" encoding="UTF-8"?>
<testsuite xmlns:xsi="http://www.w3.org/2001/XMLSchema-instance" xsi:noNamespaceSchemaLocation="https://maven.apache.org/surefire/maven-surefire-plugin/xsd/surefire-test-report.xsd" name="com.uregina.app.DateTimeTest" time="0.014" tests="6" errors="0" skipped="0" failures="0">
  <properties>
[...]
</properties>
  <testcase name="shouldAnswerWithTrue" classname="com.uregina.app.DateTimeTest" time="0.001"/>
  <testcase name="invalidDay1_False" classname="com.uregina.app.DateTimeTest" time="0"/>
  <testcase name="ValidDay1_True" classname="com.uregina.app.DateTimeTest" time="0"/>
  <testcase name="YearValidLess_True" classname="com.uregina.app.DateTimeTest" time="0"/>
  <testcase name="ValidMonth1_True" classname="com.uregina.app.DateTimeTest" time="0"/>
  <testcase name="Month1NotLess_false" classname="com.uregina.app.DateTimeTest" time="0"/>
</testsuite>